<?xml version="1.0" encoding="utf-8"?>
<TestRun id="fad676cd-ae21-4185-928d-447559da9972" name="nasse@NASSERS-TUF-BOI 2025-08-30 13:58:54" runUser="NASSERS-TUF-BOI\nasse" xmlns="http://microsoft.com/schemas/VisualStudio/TeamTest/2010">
  <Times creation="2025-08-30T13:58:54.1322070+04:00" queuing="2025-08-30T13:58:54.1322072+04:00" start="2025-08-30T13:58:52.5527435+04:00" finish="2025-08-30T13:58:54.1429111+04:00" />
  <TestSettings name="default" id="516f64dd-2b46-4210-b921-1454ee425322">
    <Deployment runDeploymentRoot="nasse_NASSERS-TUF-BOI_2025-08-30_13_58_54" />
  </TestSettings>
  <Results>
    <UnitTestResult executionId="c9f92cc9-d9d9-4f2c-b22f-7094e22d0a29" testId="5ae316a0-b49c-9032-0ea8-e7aa7d606684" testName="YTP.Core.Tests.PlaylistDownloadTests.DownloadManager_CreatesPlaylistFolderAndFiles" computerName="NASSERS-TUF-BOI" duration="00:00:00.0546002" startTime="2025-08-30T13:58:53.9066848+04:00" endTime="2025-08-30T13:58:53.9066852+04:00" testType="13cdc9d9-ddb5-4fa4-a97d-d965ccfc6d4b" outcome="Passed" testListId="8c84fa94-04c1-424b-9868-57a2d4851a1d" relativeResultsDirectory="c9f92cc9-d9d9-4f2c-b22f-7094e22d0a29" />
    <UnitTestResult executionId="7950d162-9a77-4abe-89b0-d354cb619a04" testId="179cf7e3-4767-a74f-16ef-aae7d45a3e0c" testName="YTP.Core.Tests.MetadataPrintTest.PrintMp3MetadataFromEnv" computerName="NASSERS-TUF-BOI" duration="00:00:00.0089285" startTime="2025-08-30T13:58:53.8670036+04:00" endTime="2025-08-30T13:58:53.8670376+04:00" testType="13cdc9d9-ddb5-4fa4-a97d-d965ccfc6d4b" outcome="Passed" testListId="8c84fa94-04c1-424b-9868-57a2d4851a1d" relativeResultsDirectory="7950d162-9a77-4abe-89b0-d354cb619a04" />
    <UnitTestResult executionId="1bfb6f1d-a5a5-435a-bf99-12c2bb6c9524" testId="85ec33e0-7665-53a2-fbfa-249f1ddf6b9d" testName="YTP.Core.Tests.FilenameTests.SanitizeFilename_RemovesInvalidCharsAndLimitsLength" computerName="NASSERS-TUF-BOI" duration="00:00:00.0426177" startTime="2025-08-30T13:58:53.8964296+04:00" endTime="2025-08-30T13:58:53.8964304+04:00" testType="13cdc9d9-ddb5-4fa4-a97d-d965ccfc6d4b" outcome="Passed" testListId="8c84fa94-04c1-424b-9868-57a2d4851a1d" relativeResultsDirectory="1bfb6f1d-a5a5-435a-bf99-12c2bb6c9524" />
  </Results>
  <TestDefinitions>
    <UnitTest name="YTP.Core.Tests.MetadataPrintTest.PrintMp3MetadataFromEnv" storage="c:\users\nasse\onedrive\dev\programs\ytp\github copilot\src\ytp.core.tests\bin\debug\net7.0\ytp.core.tests.dll" id="179cf7e3-4767-a74f-16ef-aae7d45a3e0c">
      <Execution id="7950d162-9a77-4abe-89b0-d354cb619a04" />
      <TestMethod codeBase="c:\Users\nasse\OneDrive\Dev\Programs\ytp\github copilot\src\YTP.Core.Tests\bin\Debug\net7.0\YTP.Core.Tests.dll" adapterTypeName="executor://xunit/VsTestRunner2/netcoreapp" className="YTP.Core.Tests.MetadataPrintTest" name="PrintMp3MetadataFromEnv" />
    </UnitTest>
    <UnitTest name="YTP.Core.Tests.FilenameTests.SanitizeFilename_RemovesInvalidCharsAndLimitsLength" storage="c:\users\nasse\onedrive\dev\programs\ytp\github copilot\src\ytp.core.tests\bin\debug\net7.0\ytp.core.tests.dll" id="85ec33e0-7665-53a2-fbfa-249f1ddf6b9d">
      <Execution id="1bfb6f1d-a5a5-435a-bf99-12c2bb6c9524" />
      <TestMethod codeBase="c:\Users\nasse\OneDrive\Dev\Programs\ytp\github copilot\src\YTP.Core.Tests\bin\Debug\net7.0\YTP.Core.Tests.dll" adapterTypeName="executor://xunit/VsTestRunner2/netcoreapp" className="YTP.Core.Tests.FilenameTests" name="SanitizeFilename_RemovesInvalidCharsAndLimitsLength" />
    </UnitTest>
    <UnitTest name="YTP.Core.Tests.PlaylistDownloadTests.DownloadManager_CreatesPlaylistFolderAndFiles" storage="c:\users\nasse\onedrive\dev\programs\ytp\github copilot\src\ytp.core.tests\bin\debug\net7.0\ytp.core.tests.dll" id="5ae316a0-b49c-9032-0ea8-e7aa7d606684">
      <Execution id="c9f92cc9-d9d9-4f2c-b22f-7094e22d0a29" />
      <TestMethod codeBase="c:\Users\nasse\OneDrive\Dev\Programs\ytp\github copilot\src\YTP.Core.Tests\bin\Debug\net7.0\YTP.Core.Tests.dll" adapterTypeName="executor://xunit/VsTestRunner2/netcoreapp" className="YTP.Core.Tests.PlaylistDownloadTests" name="DownloadManager_CreatesPlaylistFolderAndFiles" />
    </UnitTest>
  </TestDefinitions>
  <TestEntries>
    <TestEntry testId="5ae316a0-b49c-9032-0ea8-e7aa7d606684" executionId="c9f92cc9-d9d9-4f2c-b22f-7094e22d0a29" testListId="8c84fa94-04c1-424b-9868-57a2d4851a1d" />
    <TestEntry testId="179cf7e3-4767-a74f-16ef-aae7d45a3e0c" executionId="7950d162-9a77-4abe-89b0-d354cb619a04" testListId="8c84fa94-04c1-424b-9868-57a2d4851a1d" />
    <TestEntry testId="85ec33e0-7665-53a2-fbfa-249f1ddf6b9d" executionId="1bfb6f1d-a5a5-435a-bf99-12c2bb6c9524" testListId="8c84fa94-04c1-424b-9868-57a2d4851a1d" />
  </TestEntries>
  <TestLists>
    <TestList name="Results Not in a List" id="8c84fa94-04c1-424b-9868-57a2d4851a1d" />
    <TestList name="All Loaded Results" id="19431567-8539-422a-85d7-44ee4e166bda" />
  </TestLists>
  <ResultSummary outcome="Completed">
    <Counters total="3" executed="3" passed="3" failed="0" error="0" timeout="0" aborted="0" inconclusive="0" passedButRunAborted="0" notRunnable="0" notExecuted="0" disconnected="0" warning="0" completed="0" inProgress="0" pending="0" />
    <Output>
      <StdOut>[xUnit.net 00:00:00.00] xUnit.net VSTest Adapter v2.5.3.1+6b60a9e56a (64-bit .NET 7.0.13)&#xD;
[xUnit.net 00:00:00.18]   Discovering: YTP.Core.Tests&#xD;
[xUnit.net 00:00:00.27]   Discovered:  YTP.Core.Tests&#xD;
[xUnit.net 00:00:00.28]   Starting:    YTP.Core.Tests&#xD;
YTP_TEST_MP3 is not set. Skipping metadata print test.&#xD;
[xUnit.net 00:00:00.44]   Finished:    YTP.Core.Tests&#xD;
</StdOut>
    </Output>
  </ResultSummary>
</TestRun>